<?xml version="1.0" encoding="UTF-8"?>
<!-- Generated by org.testng.reporters.JUnitReportReporter -->
<testsuite skipped="0" hostname="DESKTOP-6HD7MAC" name="ecom.runner.TestRunner" tests="1" failures="0" timestamp="2022-04-17T03:11:06 BDT" time="11.317" errors="0">
  <testcase name="runScenario" time="11.317" classname="ecom.runner.TestRunner"/>
  <system-out/>
</testsuite> <!-- ecom.runner.TestRunner -->
