<?xml version="1.0" encoding="UTF-8"?>
<!-- Generated by org.testng.reporters.JUnitReportReporter -->
<testsuite hostname="DESKTOP-AAL5JEA" failures="0" tests="2" name="ecom.runner.TestRunner" time="4.322" errors="2" timestamp="2022-04-09T14:28:42 EDT" skipped="0">
  <testcase classname="ecom.runner.TestRunner" name="runScenario" time="1.037">
    <error message="Cannot invoke &quot;String.equals(Object)&quot; because &quot;browserName&quot; is null" type="java.lang.NullPointerException">
      <![CDATA[java.lang.NullPointerException: Cannot invoke "String.equals(Object)" because "browserName" is null
at ecom.utils.TestBase.intializeDriver(TestBase.java:48)
at ecom.stepDefinitions.Buyer_Login_Steps.buyer_should_navigate_to_the_baseURL(Buyer_Login_Steps.java:24)
at ✽.Buyer should navigate to the baseURL(file:///C:/Users/Rakibur%20Khan/OneDrive/Documents/Ecom%20Repo/test-ecom-gui-automation/src/test/java/ecom/features/TS4U_Ecom_02_buyProduct.feature:4)
]]>
    </error>
  </testcase> <!-- runScenario -->
  <system-out/>
  <testcase classname="ecom.runner.TestRunner" name="runScenario" time="3.285">
    <error message="Cannot invoke &quot;String.equals(Object)&quot; because &quot;browserName&quot; is null" type="java.lang.NullPointerException">
      <![CDATA[java.lang.NullPointerException: Cannot invoke "String.equals(Object)" because "browserName" is null
at ecom.utils.TestBase.intializeDriver(TestBase.java:48)
at ecom.stepDefinitions.Buyer_Login_Steps.buyer_should_navigate_to_the_baseURL(Buyer_Login_Steps.java:24)
at ✽.Buyer should navigate to the baseURL(file:///C:/Users/Rakibur%20Khan/OneDrive/Documents/Ecom%20Repo/test-ecom-gui-automation/src/test/java/ecom/features/TS4U_Ecom_01_buyerLogin.feature:5)
]]>
    </error>
  </testcase> <!-- runScenario -->
  <system-out/>
</testsuite> <!-- ecom.runner.TestRunner -->
