<?xml version="1.0" encoding="UTF-8"?>
<!-- Generated by org.testng.reporters.JUnitReportReporter -->
<testsuite hostname="DESKTOP-AAL5JEA" failures="0" tests="4" name="ecom.runner.TestRunner" time="67.284" errors="0" timestamp="2022-04-16T05:58:27 EDT" skipped="0">
  <testcase classname="ecom.runner.TestRunner" name="runScenario" time="21.953"/>
  <system-out/>
  <testcase classname="ecom.runner.TestRunner" name="runScenario" time="21.553"/>
  <system-out/>
  <testcase classname="ecom.runner.TestRunner" name="runScenario" time="10.922"/>
  <system-out/>
  <testcase classname="ecom.runner.TestRunner" name="runScenario" time="12.856"/>
  <system-out/>
</testsuite> <!-- ecom.runner.TestRunner -->
